D:\DOCUMENT\C3F5~1\PROGRA~1\LANG\ASM\GIGASA~1\gigasm.mp3
D:\DOCUMENT\C3F5~1\TEMP\jennif~1.mp3
D:\DOCUMENT\GITARA~1.219\MUZAGU~1\ZZZ\9B02~1\9B02~1\SOBERI~1\test_g~1.mp3
D:\DOCUMENT\RESEARCH\DESKTOP\ENGLISH\FAMILY~1\episod~3.mp3
D:\DOCUMENT\RESEARCH\DESKTOP\ENGLISH\FAMILY~1\episod~2.mp3
D:\DOCUMENT\RESEARCH\DESKTOP\ENGLISH\FAMILY~1\episod~1.mp3
D:\DOCUMENT\RESEARCH\DESKTOP\ENGLISH\episod~4.mp3
D:\DOCUMENT\RESEARCH\DESKTOP\ENGLISH\episod~3.mp3
D:\DOCUMENT\RESEARCH\DESKTOP\ENGLISH\episod~2.mp3
D:\DOCUMENT\RESEARCH\DESKTOP\ENGLISH\episod~1.mp3
D:\DOCUMENT\RESEARCH\DESKTOP\ENGLISH\ep8f3b~1.mp3
D:\DOCUMENT\RESEARCH\DESKTOP\ENGLISH\ep8e3b~1.mp3
D:\DOCUMENT\RESEARCH\DESKTOP\ENGLISH\ep8d3b~1.mp3
D:\DOCUMENT\RESEARCH\DESKTOP\ENGLISH\ep8c3b~1.mp3
D:\DOCUMENT\RESEARCH\DESKTOP\ENGLISH\ep824b~1.mp3
D:\DOCUMENT\RESEARCH\DESKTOP\ENGLISH\ep814b~1.mp3
D:\DOCUMENT\RESEARCH\DESKTOP\ENGLISH\ep804b~1.mp3
D:\DOCUMENT\RESEARCH\DESKTOP\ENGLISH\ep7fbc~1.mp3
D:\DOCUMENT\RESEARCH\DESKTOP\ENGLISH\ep7fb4~1.mp3
D:\DOCUMENT\RESEARCH\DESKTOP\ENGLISH\ep7fb0~1.mp3
D:\DOCUMENT\RESEARCH\DESKTOP\ENGLISH\ep7f3f~1.mp3
D:\DOCUMENT\RESEARCH\DESKTOP\ENGLISH\ep7f3e~1.mp3
D:\DOCUMENT\RESEARCH\DESKTOP\ENGLISH\ep7f36~1.mp3
D:\DOCUMENT\RESEARCH\DESKTOP\ENGLISH\ep7f33~1.mp3
D:\DOCUMENT\RESEARCH\DESKTOP\ENGLISH\ep7f32~1.mp3
D:\DOCUMENT\RESEARCH\DESKTOP\ENGLISH\ep7ebc~1.mp3
D:\DOCUMENT\RESEARCH\DESKTOP\ENGLISH\ep7eb4~1.mp3
D:\DOCUMENT\RESEARCH\DESKTOP\ENGLISH\ep7eb0~1.mp3
D:\DOCUMENT\RESEARCH\DESKTOP\ENGLISH\ep7e3f~1.mp3
D:\DOCUMENT\RESEARCH\DESKTOP\ENGLISH\ep7e36~1.mp3
D:\DOCUMENT\RESEARCH\DESKTOP\ENGLISH\ep7e33~1.mp3
D:\DOCUMENT\RESEARCH\DESKTOP\ENGLISH\ep7dbc~1.mp3
D:\DOCUMENT\RESEARCH\DESKTOP\ENGLISH\ep7db4~1.mp3
D:\DOCUMENT\RESEARCH\DESKTOP\ENGLISH\ep7db0~1.mp3
D:\DOCUMENT\RESEARCH\DESKTOP\ENGLISH\ep7d3f~1.mp3
D:\DOCUMENT\RESEARCH\DESKTOP\ENGLISH\ep7d33~1.mp3
D:\DOCUMENT\RESEARCH\DESKTOP\ENGLISH\ep7cbc~1.mp3
D:\DOCUMENT\RESEARCH\DESKTOP\ENGLISH\ep7cb4~1.mp3
D:\DOCUMENT\RESEARCH\DESKTOP\ENGLISH\ep7cb0~1.mp3
D:\DOCUMENT\RESEARCH\DESKTOP\ENGLISH\ep7c3f~1.mp3
D:\DOCUMENT\RESEARCH\DESKTOP\ENGLISH\ep7c33~1.mp3
D:\DOCUMENT\RESEARCH\DESKTOP\ENGLISH\ep75cc~1.mp3
D:\DOCUMENT\RESEARCH\DESKTOP\ENGLISH\ep75c4~1.mp3
D:\DOCUMENT\RESEARCH\DESKTOP\ENGLISH\ep75c0~1.mp3
D:\DOCUMENT\RESEARCH\DESKTOP\ENGLISH\ep754e~1.mp3
D:\DOCUMENT\RESEARCH\DESKTOP\ENGLISH\ep7546~1.mp3
D:\DOCUMENT\RESEARCH\DESKTOP\ENGLISH\ep7542~1.mp3
D:\DOCUMENT\RESEARCH\DESKTOP\ENGLISH\ep74cc~1.mp3
D:\DOCUMENT\RESEARCH\DESKTOP\ENGLISH\ep74c4~1.mp3
D:\DOCUMENT\RESEARCH\DESKTOP\ENGLISH\ep74c0~1.mp3
D:\DOCUMENT\RESEARCH\DESKTOP\ENGLISH\ep744e~1.mp3
D:\DOCUMENT\RESEARCH\DESKTOP\ENGLISH\ep7446~1.mp3
D:\DOCUMENT\RESEARCH\DESKTOP\ENGLISH\ep7442~1.mp3
D:\DOCUMENT\RESEARCH\DESKTOP\ENGLISH\ep73cc~1.mp3
D:\DOCUMENT\RESEARCH\DESKTOP\ENGLISH\ep73c4~1.mp3
D:\DOCUMENT\RESEARCH\DESKTOP\ENGLISH\ep73c0~1.mp3
D:\DOCUMENT\RESEARCH\DESKTOP\ENGLISH\ep734e~1.mp3
D:\DOCUMENT\RESEARCH\DESKTOP\ENGLISH\ep7346~1.mp3
D:\DOCUMENT\RESEARCH\DESKTOP\ENGLISH\ep7342~1.mp3
D:\DOCUMENT\RESEARCH\DESKTOP\ENGLISH\ep72cc~1.mp3
D:\DOCUMENT\RESEARCH\DESKTOP\ENGLISH\ep72c4~1.mp3
D:\DOCUMENT\RESEARCH\DESKTOP\ENGLISH\ep72c0~1.mp3
D:\DOCUMENT\RESEARCH\DESKTOP\ENGLISH\ep724f~1.mp3
D:\DOCUMENT\RESEARCH\DESKTOP\ENGLISH\ep724e~1.mp3
D:\DOCUMENT\RESEARCH\DESKTOP\ENGLISH\ep7246~1.mp3
D:\DOCUMENT\RESEARCH\DESKTOP\ENGLISH\ep7243~1.mp3
D:\DOCUMENT\RESEARCH\DESKTOP\ENGLISH\ep7242~1.mp3
D:\DOCUMENT\RESEARCH\DESKTOP\ENGLISH\ep71cc~1.mp3
D:\DOCUMENT\RESEARCH\DESKTOP\ENGLISH\ep71c4~1.mp3
D:\DOCUMENT\RESEARCH\DESKTOP\ENGLISH\ep71c0~1.mp3
D:\DOCUMENT\RESEARCH\DESKTOP\ENGLISH\ep714f~1.mp3
D:\DOCUMENT\RESEARCH\DESKTOP\ENGLISH\ep714e~1.mp3
D:\DOCUMENT\RESEARCH\DESKTOP\ENGLISH\ep7146~1.mp3
D:\DOCUMENT\RESEARCH\DESKTOP\ENGLISH\ep7143~1.mp3
D:\DOCUMENT\RESEARCH\DESKTOP\ENGLISH\ep7142~1.mp3
D:\DOCUMENT\RESEARCH\DESKTOP\ENGLISH\ep70cc~1.mp3
D:\DOCUMENT\RESEARCH\DESKTOP\ENGLISH\ep70c4~1.mp3
D:\DOCUMENT\RESEARCH\DESKTOP\ENGLISH\ep70c0~1.mp3
D:\DOCUMENT\RESEARCH\DESKTOP\ENGLISH\ep704f~1.mp3
D:\DOCUMENT\RESEARCH\DESKTOP\ENGLISH\ep704e~1.mp3
D:\DOCUMENT\RESEARCH\DESKTOP\ENGLISH\ep7046~1.mp3
D:\DOCUMENT\RESEARCH\DESKTOP\ENGLISH\ep7043~1.mp3
D:\DOCUMENT\RESEARCH\DESKTOP\ENGLISH\ep7042~1.mp3
D:\GALKIN\CLUB\yvesla~1.mp3
D:\GALKIN\CLUB\timbal~1.mp3
D:\GALKIN\CLUB\tiesto~1.mp3
D:\GALKIN\CLUB\rogers~1.mp3
D:\GALKIN\CLUB\pink-y~1.mp3
D:\GALKIN\CLUB\koshee~1.mp3
D:\GALKIN\CLUB\kanoft~1.mp3
D:\GALKIN\CLUB\k-maro~1.mp3
D:\GALKIN\CLUB\justin~4.mp3
D:\GALKIN\CLUB\justin~3.mp3
D:\GALKIN\CLUB\justin~2.mp3
D:\GALKIN\CLUB\justin~1.mp3
D:\GALKIN\CLUB\jua945~1.mp3
D:\GALKIN\CLUB\djgroo~1.mp3
D:\GALKIN\CLUB\djbrat~1.mp3
D:\GALKIN\CLUB\djanto~1.mp3
D:\GALKIN\CLUB\davidg~1.mp3
D:\GALKIN\CLUB\craigd~1.mp3
D:\GALKIN\CLUB\chamil~1.mp3
D:\GALKIN\CLUB\beyonc~1.mp3
D:\GALKIN\CLUB\benass~1.mp3
D:\GALKIN\CLUB\axwell~1.mp3
D:\GALKIN\CLUB\anggun~1.mp3
D:\GALKIN\CLUB\50cent~1.mp3
D:\GALKIN\CLUB\3807_t~1.mp3
D:\GALKIN\CLUB\2999_t~1.mp3
D:\GALKIN\CLUB\2990_t~1.mp3
D:\GALKIN\CLUB\2983_t~1.mp3
D:\GALKIN\CLUB\2930_t~1.mp3
D:\GALKIN\CLUB\15_atb~1.mp3
D:\GALKIN\CLUB\14-dav~1.mp3
D:\GALKIN\CLUB\13-dav~1.mp3
D:\GALKIN\CLUB\09-dav~1.mp3
D:\GALKIN\CLUB\08-dav~1.mp3
D:\GALKIN\CLUB\07-dav~1.mp3
D:\GALKIN\CLUB\05inda~1.mp3
D:\GALKIN\CLUB\05-dav~1.mp3
D:\GALKIN\CLUB\03-dav~1.mp3
D:\GALKIN\CLUB\02what~1.mp3
D:\GALKIN\CLUB\02-dav~1.mp3
D:\GALKIN\CLUB\01-dav~1.mp3
D:\GALKIN\morand~1.mp3
D:\GALKIN\jay_se~1.mp3
D:\GALKIN\djdlee~1.mp3
D:\GALKIN\atb-le~2.mp3
D:\GALKIN\atb-le~1.mp3
D:\GALKIN\atb-ec~1.mp3
D:\GALKIN\4001d~1.mp3
D:\GALKIN\01-pak~1.mp3
D:\GALKIN\001_e-~1.mp3
D:\GALKIN\-5710~1.mp3
D:\MUSIC\!!!BES~1\072que~1.mp3
D:\MUSIC\!!!BES~1\071nig~1.mp3
D:\MUSIC\!!!BES~1\069iro~1.mp3
D:\MUSIC\!!!BES~1\068hea~1.mp3
D:\MUSIC\!!!BES~1\067eur~1.mp3
D:\MUSIC\!!!BES~1\066dee~1.mp3
D:\MUSIC\!!!BES~1\065dar~1.mp3
D:\MUSIC\!!!BES~1\064cin~1.mp3
D:\MUSIC\!!!BES~1\063bon~1.mp3
D:\MUSIC\!!!BES~1\062bla~1.mp3
D:\MUSIC\!!!BES~1\061aer~1.mp3
D:\MUSIC\!!!BES~1\060was~1.mp3
D:\MUSIC\!!!BES~1\059rox~1.mp3
D:\MUSIC\!!!BES~1\058msg~1.mp3
D:\MUSIC\!!!BES~1\057dio~1.mp3
D:\MUSIC\!!!BES~1\056bli~1.mp3
D:\MUSIC\!!!BES~1\055whi~1.mp3
D:\MUSIC\!!!BES~1\054gua~1.mp3
D:\MUSIC\!!!BES~1\053the~1.mp3
D:\MUSIC\!!!BES~1\052san~1.mp3
D:\MUSIC\!!!BES~1\051phi~1.mp3
D:\MUSIC\!!!BES~1\050tia~1.mp3
D:\MUSIC\!!!BES~1\049whi~1.mp3
D:\MUSIC\!!!BES~1\048tia~1.mp3
D:\MUSIC\!!!BES~1\047rob~1.mp3
D:\MUSIC\!!!BES~1\046mag~1.mp3
D:\MUSIC\!!!BES~1\045ice~1.mp3
D:\MUSIC\!!!BES~1\044acc~1.mp3
D:\MUSIC\!!!BES~1\043bio~1.mp3
D:\MUSIC\!!!BES~1\042man~1.mp3
D:\MUSIC\!!!BES~1\041gre~1.mp3
D:\MUSIC\!!!BES~1\040yns~1.mp3
D:\MUSIC\!!!BES~1\039twi~1.mp3
D:\MUSIC\!!!BES~1\038str~1.mp3
D:\MUSIC\!!!BES~1\037rai~1.mp3
D:\MUSIC\!!!BES~1\036ome~1.mp3
D:\MUSIC\!!!BES~1\035met~1.mp3
D:\MUSIC\!!!BES~1\034meg~1.mp3
D:\MUSIC\!!!BES~1\033hou~1.mp3
D:\MUSIC\!!!BES~1\032gam~1.mp3
D:\MUSIC\!!!BES~1\031bla~1.mp3
D:\MUSIC\!!!BES~1\030sco~1.mp3
D:\MUSIC\!!!BES~1\029rol~1.mp3
D:\MUSIC\!!!BES~1\028rar~1.mp3
D:\MUSIC\!!!BES~1\027moo~1.mp3
D:\MUSIC\!!!BES~1\026kre~1.mp3
D:\MUSIC\!!!BES~1\025iro~1.mp3
D:\MUSIC\!!!BES~1\024roy~1.mp3
D:\MUSIC\!!!BES~1\023que~1.mp3
D:\MUSIC\!!!BES~1\022ham~1.mp3
D:\MUSIC\!!!BES~1\021kin~1.mp3
D:\MUSIC\!!!BES~1\020nos~1.mp3
D:\MUSIC\!!!BES~1\020bru~1.mp3
D:\MUSIC\!!!BES~1\019mob~1.mp3
D:\MUSIC\!!!BES~1\018lab~1.mp3
D:\MUSIC\!!!BES~1\016udo~1.mp3
D:\MUSIC\!!!BES~1\015tal~1.mp3
D:\MUSIC\!!!BES~1\014sco~1.mp3
D:\MUSIC\!!!BES~1\013rai~1.mp3
D:\MUSIC\!!!BES~1\012hel~1.mp3
D:\MUSIC\!!!BES~1\011kor~1.mp3
D:\MUSIC\!!!BES~1\010lac~1.mp3
D:\MUSIC\!!!BES~1\009naz~1.mp3
D:\MUSIC\!!!BES~1\008ozz~1.mp3
D:\MUSIC\!!!BES~1\007naz~1.mp3
D:\MUSIC\!!!BES~1\007dar~1.mp3
D:\MUSIC\!!!BES~1\006axe~1.mp3
D:\MUSIC\!!!BES~1\004bon~1.mp3
D:\MUSIC\!!!BES~1\003dio~1.mp3
D:\MUSIC\!!!BES~1\002iro~1.mp3
D:\MUSIC\!!!BES~1\001met~1.mp3
D:\MUSIC\&-(200~1\0519e6~1.mp3
D:\MUSIC\&-(200~1\0498f7~1.mp3
D:\MUSIC\&-(200~1\03(fea~1.mp3
D:\MUSIC\&-(200~1\022d33~1.mp3
D:\MUSIC\&-(200~1\010adb~1.mp3
D:\MUSIC\-2007~1\10_mas~1.mp3
D:\MUSIC\-2007~1\09_mas~1.mp3
D:\MUSIC\-2007~1\08_mas~1.mp3
D:\MUSIC\-2007~1\07_mas~1.mp3
D:\MUSIC\-2007~1\06_mas~1.mp3
D:\MUSIC\-2007~1\05_mas~1.mp3
D:\MUSIC\-2007~1\04_mas~1.mp3
D:\MUSIC\-2007~1\03_mas~1.mp3
D:\MUSIC\-2007~1\02_mas~1.mp3
D:\MUSIC\-2007~1\01_mas~1.mp3
D:\MUSIC\2004--~1\11-~1.mp3
D:\MUSIC\2004--~1\10-~1.mp3
D:\MUSIC\2004--~1\09-~1.mp3
D:\MUSIC\2004--~1\08-~1.mp3
D:\MUSIC\2004--~1\07-~1.mp3
D:\MUSIC\2004--~1\06-éëÖçú.mp3
D:\MUSIC\2004--~1\05-~1.mp3
D:\MUSIC\2004--~1\04-~1.mp3
D:\MUSIC\2004--~1\03-äìêéä.mp3
D:\MUSIC\2004--~1\02-~1.mp3
D:\MUSIC\2004--~1\01--~1.mp3
D:\MUSIC\2006~1\17-sum~1.mp3
D:\MUSIC\2006~1\16-()~1.mp3
D:\MUSIC\2006~1\15-()~1.mp3
D:\MUSIC\2006~1\14--~1.mp3
D:\MUSIC\2006~1\13-~1.mp3
D:\MUSIC\2006~1\12-~1.mp3
D:\MUSIC\2006~1\11-~1.mp3
D:\MUSIC\2006~1\10-~1.mp3
D:\MUSIC\2006~1\09-~1.mp3
D:\MUSIC\2006~1\08-~1.mp3
D:\MUSIC\2006~1\07-~1.mp3
D:\MUSIC\2006~1\06-~1.mp3
D:\MUSIC\2006~1\05-100~1.mp3
D:\MUSIC\2006~1\04-~1.mp3
D:\MUSIC\2006~1\03-~1.mp3
D:\MUSIC\2006~1\02-~1.mp3
D:\MUSIC\2006~1\01-~1.mp3
D:\MUSIC\2007~1\0730f0~1.mp3
D:\MUSIC\2007~1\06-~1.mp3
D:\MUSIC\2007~1\0524b7~1.mp3
D:\MUSIC\2007~1\040390~1.mp3
D:\MUSIC\2007~1\03d6ac~1.mp3
D:\MUSIC\2007~1\0226e1~1.mp3
D:\MUSIC\2007~1\01a3e7~1.mp3
D:\MUSIC\2007~2\22312-~1.mp3
D:\MUSIC\2007~2\21312-~1.mp3
D:\MUSIC\2007~2\20312-~1.mp3
D:\MUSIC\2007~2\19312-~1.mp3
D:\MUSIC\2007~2\18312-~1.mp3
D:\MUSIC\2007~2\17312-~1.mp3
D:\MUSIC\2007~2\16312-~1.mp3
D:\MUSIC\2007~2\15312-~1.mp3
D:\MUSIC\2007~2\14312-~1.mp3
D:\MUSIC\2007~2\13312-~1.mp3
D:\MUSIC\2007~2\12312-~1.mp3
D:\MUSIC\2007~2\11312-~1.mp3
D:\MUSIC\2007~2\10312-~1.mp3
D:\MUSIC\2007~2\09312-~1.mp3
D:\MUSIC\2007~2\08312-~1.mp3
D:\MUSIC\2007~2\07312-~1.mp3
D:\MUSIC\2007~2\06312-~1.mp3
D:\MUSIC\2007~2\05312-~1.mp3
D:\MUSIC\2007~2\04312-~1.mp3
D:\MUSIC\2007~2\03312-~1.mp3
D:\MUSIC\2007~2\02312-~1.mp3
D:\MUSIC\2007~2\01312-~1.mp3
D:\MUSIC\33C5~1\3386~1\mnogot~4.mp3
D:\MUSIC\33C5~1\3386~1\mnogot~3.mp3
D:\MUSIC\33C5~1\3386~1\mnogot~2.mp3
D:\MUSIC\33C5~1\3386~1\mnogot~1.mp3
D:\MUSIC\33C5~1\3386~1\mn885d~1.mp3
D:\MUSIC\33C5~1\3386~1\mn51ce~1.mp3
D:\MUSIC\33C5~1\3386~1\mn36b8~1.mp3
D:\MUSIC\33C5~1\3386~1\mn317e~1.mp3
D:\MUSIC\33C5~1\3386~1\mn2439~1.mp3
D:\MUSIC\33C5~1\9506~1\10-~1.mp3
D:\MUSIC\33C5~1\9506~1\07-~1.mp3
D:\MUSIC\33C5~1\9506~1\06-~1.mp3
D:\MUSIC\33C5~1\9506~1\02-~1.mp3
D:\MUSIC\33C5~1\9506~1\02-~2.mp3
D:\MUSIC\33C5~1\9506~1\01-~3.mp3
D:\MUSIC\33C5~1\9506~1\01-~2.mp3
D:\MUSIC\33C5~1\9506~1\01-~1.mp3
D:\MUSIC\33C5~1\BRAT2Z~1\yaosta~1.mp3
D:\MUSIC\33C5~1\BRAT2Z~1\rozovi~1.mp3
D:\MUSIC\33C5~1\BRAT2Z~1\posled~1.mp3
D:\MUSIC\33C5~1\BRAT2Z~1\bratuha.mp3
D:\MUSIC\33C5~1\BRAT2Z~1\areyou~1.mp3
D:\MUSIC\33C5~1\BRAT2Z~1\14-~1.mp3
D:\MUSIC\33C5~1\BRAT2Z~1\13-~1.mp3
D:\MUSIC\33C5~1\BRAT2Z~1\09-~1.mp3
D:\MUSIC\33C5~1\BRAT2Z~1\08-~1.mp3
D:\MUSIC\33C5~1\BRAT2Z~1\03-~1.mp3
D:\MUSIC\33C5~1\hi-fi-~1.mp3
D:\MUSIC\33C5~1\05--~1.mp3
D:\MUSIC\3B28~1\-FBD3~1\-c216~1.mp3
D:\MUSIC\3B28~1\-FBD3~1\-bead~1.mp3
D:\MUSIC\3B28~1\-FBD3~1\-8dd7~1.mp3
D:\MUSIC\3B28~1\-FBD3~1\-85c3~1.mp3
D:\MUSIC\3B28~1\-FBD3~1\-7c36~1.mp3
D:\MUSIC\3B28~1\-FBD3~1\-70ed~1.mp3
D:\MUSIC\3B28~1\-FBD3~1\-60be~1.mp3
D:\MUSIC\3B28~1\-FBD3~1\-5aaf~1.mp3
D:\MUSIC\3B28~1\-FBD3~1\-586b~1.mp3
D:\MUSIC\3B28~1\-FBD3~1\-3459~1.mp3
D:\MUSIC\3B28~1\-FBD3~1\-3324~1.mp3
D:\MUSIC\3B28~1\-FBD3~1\-'03c9~1.mp3
D:\MUSIC\3B28~1\1999-_~1\16-~1.mp3
D:\MUSIC\3B28~1\1999-_~1\15-(re~1.mp3
D:\MUSIC\3B28~1\1999-_~1\14-i~1.mp3
D:\MUSIC\3B28~1\1999-_~1\13-i~1.mp3
D:\MUSIC\3B28~1\1999-_~1\12-lon~1.mp3
D:\MUSIC\3B28~1\1999-_~1\11-~1.mp3
D:\MUSIC\3B28~1\1999-_~1\10-ii~1.mp3
D:\MUSIC\3B28~1\1999-_~1\09-ii~1.mp3
D:\MUSIC\3B28~1\1999-_~1\08-~1.mp3
D:\MUSIC\3B28~1\1999-_~1\07-i~1.mp3
D:\MUSIC\3B28~1\1999-_~1\06-i~1.mp3
D:\MUSIC\3B28~1\1999-_~1\05--~1.mp3
D:\MUSIC\3B28~1\1999-_~1\04-i~1.mp3
D:\MUSIC\3B28~1\1999-_~1\03-~1.mp3
D:\MUSIC\3B28~1\1999-_~1\02-~1.mp3
D:\MUSIC\3B28~1\1999-_~1\01-~1.mp3
D:\MUSIC\3B28~1\2000-_~1\11-~1.mp3
D:\MUSIC\3B28~1\2000-_~1\10-~1.mp3
D:\MUSIC\3B28~1\2000-_~1\09-_~1.mp3
D:\MUSIC\3B28~1\2000-_~1\08-~1.mp3
D:\MUSIC\3B28~1\2000-_~1\07-~1.mp3
D:\MUSIC\3B28~1\2000-_~1\06-_~1.mp3
D:\MUSIC\3B28~1\2000-_~1\05-~1.mp3
D:\MUSIC\3B28~1\2000-_~1\03-_~1.mp3
D:\MUSIC\3B28~1\2000-_~1\02-~1.mp3
D:\MUSIC\3B28~1\2000-_~1\01-_~1.mp3
D:\MUSIC\3B28~1\2001-~1\11-()~1.mp3
D:\MUSIC\3B28~1\2001-~1\10-i~1.mp3
D:\MUSIC\3B28~1\2001-~1\09-~1.mp3
D:\MUSIC\3B28~1\2001-~1\08-isn~1.mp3
D:\MUSIC\3B28~1\2001-~1\07-~1.mp3
D:\MUSIC\3B28~1\2001-~1\06-i~1.mp3
D:\MUSIC\3B28~1\2001-~1\05-i~1.mp3
D:\MUSIC\3B28~1\2001-~1\04-2~1.mp3
D:\MUSIC\3B28~1\2001-~1\03-1~1.mp3
D:\MUSIC\3B28~1\2001-~1\02-~1.mp3
D:\MUSIC\3B28~1\2001-~1\01-911~1.mp3
D:\MUSIC\3B28~1\2002-~1\-susy~1.mp3
D:\MUSIC\3B28~1\2002-~1\-ic6ce~1.mp3
D:\MUSIC\3B28~1\2002-~1\-i91c6~1.mp3
D:\MUSIC\3B28~1\2002-~1\-i257f~1.mp3
D:\MUSIC\3B28~1\2002-~1\-i(i)~1.mp3
D:\MUSIC\3B28~1\2002-~1\-i'~1.mp3
D:\MUSIC\3B28~1\2002-~1\-bead~1.mp3
D:\MUSIC\3B28~1\2002-~1\-b947~1.mp3
D:\MUSIC\3B28~1\2002-~1\-5aaf~1.mp3
D:\MUSIC\3B28~1\2002-~1\-(ambi~1.mp3
D:\MUSIC\3B28~1\2003-~1\-susy~1.mp3
D:\MUSIC\3B28~1\2003-~1\-e48b~1.mp3
D:\MUSIC\3B28~1\2003-~1\-c849~1.mp3
D:\MUSIC\3B28~1\2003-~1\-bead~1.mp3
D:\MUSIC\3B28~1\2003-~1\-b947~1.mp3
D:\MUSIC\3B28~1\2003-~1\-85c3~1.mp3
D:\MUSIC\3B28~1\2003-~1\-5aaf~1.mp3
D:\MUSIC\3B28~1\2003-~1\-4a06~1.mp3
D:\MUSIC\3B28~1\2003-~1\-3459~1.mp3
D:\MUSIC\3B28~1\2003-~1\-()~1.mp3
D:\MUSIC\3B28~1\2003-~1\-'03c9~1.mp3
D:\MUSIC\3B28~1\OCEAN_~1\12-nep~1.mp3
D:\MUSIC\3B28~1\OCEAN_~1\11-jak~1.mp3
D:\MUSIC\3B28~1\OCEAN_~1\10-iko~1.mp3
D:\MUSIC\3B28~1\OCEAN_~1\09-vid~1.mp3
D:\MUSIC\3B28~1\OCEAN_~1\08-glo~1.mp3
D:\MUSIC\3B28~1\OCEAN_~1\07-bez~1.mp3
D:\MUSIC\3B28~1\OCEAN_~1\06-tin~1.mp3
D:\MUSIC\3B28~1\OCEAN_~1\05-nik~1.mp3
D:\MUSIC\3B28~1\OCEAN_~1\04-son~1.mp3
D:\MUSIC\3B28~1\OCEAN_~1\03-vis~1.mp3
D:\MUSIC\3B28~1\OCEAN_~1\02-tii~1.mp3
D:\MUSIC\3B28~1\OCEAN_~1\01-per~1.mp3
D:\MUSIC\3B28~1\B545~1\1239dd~1.mp3
D:\MUSIC\3B28~1\B545~1\111e09~1.mp3
D:\MUSIC\3B28~1\B545~1\100ede~1.mp3
D:\MUSIC\3B28~1\B545~1\09060a~1.mp3
D:\MUSIC\3B28~1\B545~1\086e9f~1.mp3
D:\MUSIC\3B28~1\B545~1\07f40e~1.mp3
D:\MUSIC\3B28~1\B545~1\067dea~1.mp3
D:\MUSIC\3B28~1\B545~1\055130~1.mp3
D:\MUSIC\3B28~1\B545~1\04f8d0~1.mp3
D:\MUSIC\3B28~1\B545~1\03b5f6~1.mp3
D:\MUSIC\3B28~1\B545~1\023bcc~1.mp3
D:\MUSIC\3B28~1\B545~1\01eccc~1.mp3
D:\MUSIC\DJEM\audio_~4.mp3
D:\MUSIC\DJEM\audio_~3.mp3
D:\MUSIC\DJEM\audio_~2.mp3
D:\MUSIC\DJEM\audio_~1.mp3
D:\MUSIC\DJEM\au8ec0~1.mp3
D:\MUSIC\DJEM\au8ebe~1.mp3
D:\MUSIC\DJEM\au8ad0~1.mp3
D:\MUSIC\DJEM\au8ac0~1.mp3
D:\MUSIC\DJEM\au8abe~1.mp3
D:\MUSIC\DJEM\au86d0~1.mp3
D:\MUSIC\DJEM\au86be~1.mp3
D:\MUSIC\DJEM\au82d0~1.mp3
D:\MUSIC\DJEM\au82ce~1.mp3
D:\MUSIC\GREATC~1\-5FB7~1\04-rim~1.mp3
D:\MUSIC\GREATC~1\-5FB7~1\03-rim~1.mp3
D:\MUSIC\GREATC~1\-5FB7~1\02-rim~1.mp3
D:\MUSIC\GREATC~1\-5FB7~1\01-rim~1.mp3
D:\MUSIC\GREATC~1\1BCB~1\khatsc~1.mp3
D:\MUSIC\GREATC~1\625B~1\02-pro~1.mp3
D:\MUSIC\GREATC~1\625B~1\01-pro~1.mp3
D:\MUSIC\GREATC~1\6D29~1\04-men~1.mp3
D:\MUSIC\GREATC~1\6D29~1\03-men~1.mp3
D:\MUSIC\GREATC~1\6D29~1\02-men~1.mp3
D:\MUSIC\GREATC~1\6D29~1\01-men~1.mp3
D:\MUSIC\GREATC~1\BACHJO~1\bad8e5~1.mp3
D:\MUSIC\GREATC~1\BACHJO~1\bachjo~4.mp3
D:\MUSIC\GREATC~1\BACHJO~1\bachjo~3.mp3
D:\MUSIC\GREATC~1\BACHJO~1\bachjo~2.mp3
D:\MUSIC\GREATC~1\BACHJO~1\bachjo~1.mp3
D:\MUSIC\GREATC~1\BACHJO~1\bac1ed~1.mp3
D:\MUSIC\GREATC~1\BACHJO~1\ba5816~1.mp3
D:\MUSIC\GREATC~1\BACHJO~1\ba40ed~1.mp3
D:\MUSIC\GREATC~1\BACHJO~1\ba198e~1.mp3
D:\MUSIC\GREATC~1\BEETHO~1\ludwig~1.mp3
D:\MUSIC\GREATC~1\BEETHO~1\10_'eg~1.mp3
D:\MUSIC\GREATC~1\BEETHO~1\09_sym~1.mp3
D:\MUSIC\GREATC~1\BEETHO~1\08_pia~1.mp3
D:\MUSIC\GREATC~1\BEETHO~1\07_'co~1.mp3
D:\MUSIC\GREATC~1\BEETHO~1\05_min~1.mp3
D:\MUSIC\GREATC~1\BEETHO~1\04_moo~1.mp3
D:\MUSIC\GREATC~1\BEETHO~1\03_vio~1.mp3
D:\MUSIC\GREATC~1\BEETHO~1\01_sym~1.mp3
D:\MUSIC\GREATC~1\CB93~1\tchaik~4.mp3
D:\MUSIC\GREATC~1\CB93~1\tchaik~3.mp3
D:\MUSIC\GREATC~1\CB93~1\tchaik~2.mp3
D:\MUSIC\GREATC~1\CB93~1\tchaik~1.mp3
D:\MUSIC\GREATC~1\E8AE~1\01-mus~1.mp3
D:\MUSIC\GREATC~1\ENIOMO~1\track2~3.mp3
D:\MUSIC\GREATC~1\ENIOMO~1\track2~2.mp3
D:\MUSIC\GREATC~1\ENIOMO~1\tr5d92~1.mp3
D:\MUSIC\GREATC~1\ENIOMO~1\tr5d9e~1.mp3
D:\MUSIC\GREATC~1\ENIOMO~1\tr5d9a~1.mp3
D:\MUSIC\GREATC~1\ENIOMO~1\tr4d96~1.mp3
D:\MUSIC\GREATC~1\ENIOMO~1\tr4d92~1.mp3
D:\MUSIC\GREATC~1\ENIOMO~1\tr4d9e~1.mp3
D:\MUSIC\GREATC~1\ENIOMO~1\tr4d9a~1.mp3
D:\MUSIC\GREATC~1\ENIOMO~1\track1~4.mp3
D:\MUSIC\GREATC~1\ENIOMO~1\track1~3.mp3
D:\MUSIC\GREATC~1\ENIOMO~1\track1~2.mp3
D:\MUSIC\GREATC~1\ENIOMO~1\track9~1.mp3
D:\MUSIC\GREATC~1\ENIOMO~1\track8~1.mp3
D:\MUSIC\GREATC~1\ENIOMO~1\track7~1.mp3
D:\MUSIC\GREATC~1\ENIOMO~1\track6~1.mp3
D:\MUSIC\GREATC~1\ENIOMO~1\track5~1.mp3
D:\MUSIC\GREATC~1\ENIOMO~1\track4~1.mp3
D:\MUSIC\GREATC~1\ENIOMO~1\track3~1.mp3
D:\MUSIC\GREATC~1\ENIOMO~1\track2~1.mp3
D:\MUSIC\GREATC~1\ENIOMO~1\track1~1.mp3
D:\MUSIC\GREATC~1\MOZART\COSI1\22.mp3
D:\MUSIC\GREATC~1\MOZART\COSI1\21.mp3
D:\MUSIC\GREATC~1\MOZART\COSI1\20.mp3
D:\MUSIC\GREATC~1\MOZART\COSI1\19.mp3
D:\MUSIC\GREATC~1\MOZART\COSI1\18.mp3
D:\MUSIC\GREATC~1\MOZART\COSI1\17.mp3
D:\MUSIC\GREATC~1\MOZART\COSI1\16.mp3
D:\MUSIC\GREATC~1\MOZART\COSI1\15.mp3
D:\MUSIC\GREATC~1\MOZART\COSI1\14.mp3
D:\MUSIC\GREATC~1\MOZART\COSI1\13.mp3
D:\MUSIC\GREATC~1\MOZART\COSI1\12.mp3
D:\MUSIC\GREATC~1\MOZART\COSI1\11.mp3
D:\MUSIC\GREATC~1\MOZART\COSI1\10.mp3
D:\MUSIC\GREATC~1\MOZART\COSI1\09.mp3
D:\MUSIC\GREATC~1\MOZART\COSI1\08.mp3
D:\MUSIC\GREATC~1\MOZART\COSI1\07.mp3
D:\MUSIC\GREATC~1\MOZART\COSI1\06.mp3
D:\MUSIC\GREATC~1\MOZART\COSI1\05.mp3
D:\MUSIC\GREATC~1\MOZART\COSI1\04.mp3
D:\MUSIC\GREATC~1\MOZART\COSI1\03.mp3
D:\MUSIC\GREATC~1\MOZART\COSI1\02.mp3
D:\MUSIC\GREATC~1\MOZART\COSI1\01.mp3
D:\MUSIC\GREATC~1\MOZART\COSI2\19.mp3
D:\MUSIC\GREATC~1\MOZART\COSI2\18.mp3
D:\MUSIC\GREATC~1\MOZART\COSI2\17.mp3
D:\MUSIC\GREATC~1\MOZART\COSI2\16.mp3
D:\MUSIC\GREATC~1\MOZART\COSI2\15.mp3
D:\MUSIC\GREATC~1\MOZART\COSI2\14.mp3
D:\MUSIC\GREATC~1\MOZART\COSI2\13.mp3
D:\MUSIC\GREATC~1\MOZART\COSI2\12.mp3
D:\MUSIC\GREATC~1\MOZART\COSI2\11.mp3
D:\MUSIC\GREATC~1\MOZART\COSI2\10.mp3
D:\MUSIC\GREATC~1\MOZART\COSI2\09.mp3
D:\MUSIC\GREATC~1\MOZART\COSI2\08.mp3
D:\MUSIC\GREATC~1\MOZART\COSI2\07.mp3
D:\MUSIC\GREATC~1\MOZART\COSI2\06.mp3
D:\MUSIC\GREATC~1\MOZART\COSI2\05.mp3
D:\MUSIC\GREATC~1\MOZART\COSI2\04.mp3
D:\MUSIC\GREATC~1\MOZART\COSI2\03.mp3
D:\MUSIC\GREATC~1\MOZART\COSI2\02.mp3
D:\MUSIC\GREATC~1\MOZART\COSI2\01.mp3
D:\MUSIC\GREATC~1\MOZART\DON1\23.mp3
D:\MUSIC\GREATC~1\MOZART\DON1\22.mp3
D:\MUSIC\GREATC~1\MOZART\DON1\21.mp3
D:\MUSIC\GREATC~1\MOZART\DON1\20.mp3
D:\MUSIC\GREATC~1\MOZART\DON1\19.mp3
D:\MUSIC\GREATC~1\MOZART\DON1\18.mp3
D:\MUSIC\GREATC~1\MOZART\DON1\17.mp3
D:\MUSIC\GREATC~1\MOZART\DON1\16.mp3
D:\MUSIC\GREATC~1\MOZART\DON1\15.mp3
D:\MUSIC\GREATC~1\MOZART\DON1\14.mp3
D:\MUSIC\GREATC~1\MOZART\DON1\13.mp3
D:\MUSIC\GREATC~1\MOZART\DON1\12.mp3
D:\MUSIC\GREATC~1\MOZART\DON1\11.mp3
D:\MUSIC\GREATC~1\MOZART\DON1\10.mp3
D:\MUSIC\GREATC~1\MOZART\DON1\09.mp3
D:\MUSIC\GREATC~1\MOZART\DON1\08.mp3
D:\MUSIC\GREATC~1\MOZART\DON1\07.mp3
D:\MUSIC\GREATC~1\MOZART\DON1\06.mp3
D:\MUSIC\GREATC~1\MOZART\DON1\05.mp3
D:\MUSIC\GREATC~1\MOZART\DON1\04.mp3
D:\MUSIC\GREATC~1\MOZART\DON1\03.mp3
D:\MUSIC\GREATC~1\MOZART\DON1\02.mp3
D:\MUSIC\GREATC~1\MOZART\DON1\01.mp3
D:\MUSIC\GREATC~1\MOZART\DON2\23.mp3
D:\MUSIC\GREATC~1\MOZART\DON2\22.mp3
D:\MUSIC\GREATC~1\MOZART\DON2\21.mp3
D:\MUSIC\GREATC~1\MOZART\DON2\20.mp3
D:\MUSIC\GREATC~1\MOZART\DON2\19.mp3
D:\MUSIC\GREATC~1\MOZART\DON2\18.mp3
D:\MUSIC\GREATC~1\MOZART\DON2\17.mp3
D:\MUSIC\GREATC~1\MOZART\DON2\16.mp3
D:\MUSIC\GREATC~1\MOZART\DON2\15.mp3
D:\MUSIC\GREATC~1\MOZART\DON2\14.mp3
D:\MUSIC\GREATC~1\MOZART\DON2\13.mp3
D:\MUSIC\GREATC~1\MOZART\DON2\12.mp3
D:\MUSIC\GREATC~1\MOZART\DON2\11.mp3
D:\MUSIC\GREATC~1\MOZART\DON2\10.mp3
D:\MUSIC\GREATC~1\MOZART\DON2\09.mp3
D:\MUSIC\GREATC~1\MOZART\DON2\08.mp3
D:\MUSIC\GREATC~1\MOZART\DON2\07.mp3
D:\MUSIC\GREATC~1\MOZART\DON2\06.mp3
D:\MUSIC\GREATC~1\MOZART\DON2\05.mp3
D:\MUSIC\GREATC~1\MOZART\DON2\04.mp3
D:\MUSIC\GREATC~1\MOZART\DON2\03.mp3
D:\MUSIC\GREATC~1\MOZART\DON2\02.mp3
D:\MUSIC\GREATC~1\MOZART\DON2\01.mp3
D:\MUSIC\GREATC~1\MOZART\DON3\13.mp3
D:\MUSIC\GREATC~1\MOZART\DON3\12.mp3
D:\MUSIC\GREATC~1\MOZART\DON3\11.mp3
D:\MUSIC\GREATC~1\MOZART\DON3\10.mp3
D:\MUSIC\GREATC~1\MOZART\DON3\09.mp3
D:\MUSIC\GREATC~1\MOZART\DON3\08.mp3
D:\MUSIC\GREATC~1\MOZART\DON3\07.mp3
D:\MUSIC\GREATC~1\MOZART\DON3\06.mp3
D:\MUSIC\GREATC~1\MOZART\DON3\05.mp3
D:\MUSIC\GREATC~1\MOZART\DON3\04.mp3
D:\MUSIC\GREATC~1\MOZART\DON3\03.mp3
D:\MUSIC\GREATC~1\MOZART\DON3\02.mp3
D:\MUSIC\GREATC~1\MOZART\DON3\01.mp3
D:\MUSIC\GREATC~1\MOZART\FIGARO1\29.mp3
D:\MUSIC\GREATC~1\MOZART\FIGARO1\28.mp3
D:\MUSIC\GREATC~1\MOZART\FIGARO1\27.mp3
D:\MUSIC\GREATC~1\MOZART\FIGARO1\26.mp3
D:\MUSIC\GREATC~1\MOZART\FIGARO1\25.mp3
D:\MUSIC\GREATC~1\MOZART\FIGARO1\24.mp3
D:\MUSIC\GREATC~1\MOZART\FIGARO1\23.mp3
D:\MUSIC\GREATC~1\MOZART\FIGARO1\22.mp3
D:\MUSIC\GREATC~1\MOZART\FIGARO1\21.mp3
D:\MUSIC\GREATC~1\MOZART\FIGARO1\20.mp3
D:\MUSIC\GREATC~1\MOZART\FIGARO1\19.mp3
D:\MUSIC\GREATC~1\MOZART\FIGARO1\18.mp3
D:\MUSIC\GREATC~1\MOZART\FIGARO1\17.mp3
D:\MUSIC\GREATC~1\MOZART\FIGARO1\16.mp3
D:\MUSIC\GREATC~1\MOZART\FIGARO1\15.mp3
D:\MUSIC\GREATC~1\MOZART\FIGARO1\14.mp3
D:\MUSIC\GREATC~1\MOZART\FIGARO1\13.mp3
D:\MUSIC\GREATC~1\MOZART\FIGARO1\12.mp3
D:\MUSIC\GREATC~1\MOZART\FIGARO1\11.mp3
D:\MUSIC\GREATC~1\MOZART\FIGARO1\10.mp3
D:\MUSIC\GREATC~1\MOZART\FIGARO1\09.mp3
D:\MUSIC\GREATC~1\MOZART\FIGARO1\08.mp3
D:\MUSIC\GREATC~1\MOZART\FIGARO1\07.mp3
D:\MUSIC\GREATC~1\MOZART\FIGARO1\06.mp3
D:\MUSIC\GREATC~1\MOZART\FIGARO1\05.mp3
D:\MUSIC\GREATC~1\MOZART\FIGARO1\04.mp3
D:\MUSIC\GREATC~1\MOZART\FIGARO1\03.mp3
D:\MUSIC\GREATC~1\MOZART\FIGARO1\02.mp3
D:\MUSIC\GREATC~1\MOZART\FIGARO1\01.mp3
D:\MUSIC\GREATC~1\MOZART\FIGARO2\24.mp3
D:\MUSIC\GREATC~1\MOZART\FIGARO2\23.mp3
D:\MUSIC\GREATC~1\MOZART\FIGARO2\22.mp3
D:\MUSIC\GREATC~1\MOZART\FIGARO2\21.mp3
D:\MUSIC\GREATC~1\MOZART\FIGARO2\20.mp3
D:\MUSIC\GREATC~1\MOZART\FIGARO2\19.mp3
D:\MUSIC\GREATC~1\MOZART\FIGARO2\18.mp3
D:\MUSIC\GREATC~1\MOZART\FIGARO2\17.mp3
D:\MUSIC\GREATC~1\MOZART\FIGARO2\16.mp3
D:\MUSIC\GREATC~1\MOZART\FIGARO2\15.mp3
D:\MUSIC\GREATC~1\MOZART\FIGARO2\14.mp3
D:\MUSIC\GREATC~1\MOZART\FIGARO2\13.mp3
D:\MUSIC\GREATC~1\MOZART\FIGARO2\12.mp3
D:\MUSIC\GREATC~1\MOZART\FIGARO2\11.mp3
D:\MUSIC\GREATC~1\MOZART\FIGARO2\10.mp3
D:\MUSIC\GREATC~1\MOZART\FIGARO2\09.mp3
D:\MUSIC\GREATC~1\MOZART\FIGARO2\08.mp3
D:\MUSIC\GREATC~1\MOZART\FIGARO2\07.mp3
D:\MUSIC\GREATC~1\MOZART\FIGARO2\06.mp3
D:\MUSIC\GREATC~1\MOZART\FIGARO2\05.mp3
D:\MUSIC\GREATC~1\MOZART\FIGARO2\04.mp3
D:\MUSIC\GREATC~1\MOZART\FIGARO2\03.mp3
D:\MUSIC\GREATC~1\MOZART\FIGARO2\02.mp3
D:\MUSIC\GREATC~1\MOZART\FIGARO2\01.mp3
D:\MUSIC\GREATC~1\MOZART\FIGARO3\14.mp3
D:\MUSIC\GREATC~1\MOZART\FIGARO3\13.mp3
D:\MUSIC\GREATC~1\MOZART\FIGARO3\12.mp3
D:\MUSIC\GREATC~1\MOZART\FIGARO3\11.mp3
D:\MUSIC\GREATC~1\MOZART\FIGARO3\10.mp3
D:\MUSIC\GREATC~1\MOZART\FIGARO3\09.mp3
D:\MUSIC\GREATC~1\MOZART\FIGARO3\08.mp3
D:\MUSIC\GREATC~1\MOZART\FIGARO3\07.mp3
D:\MUSIC\GREATC~1\MOZART\FIGARO3\06.mp3
D:\MUSIC\GREATC~1\MOZART\FIGARO3\05.mp3
D:\MUSIC\GREATC~1\MOZART\FIGARO3\04.mp3
D:\MUSIC\GREATC~1\MOZART\FIGARO3\03.mp3
D:\MUSIC\GREATC~1\MOZART\FIGARO3\02.mp3
D:\MUSIC\GREATC~1\MOZART\FIGARO3\01.mp3
D:\MUSIC\GREATC~1\MOZART\ZAUBER1\14.mp3
D:\MUSIC\GREATC~1\MOZART\ZAUBER1\13.mp3
D:\MUSIC\GREATC~1\MOZART\ZAUBER1\12.mp3
D:\MUSIC\GREATC~1\MOZART\ZAUBER1\11.mp3
D:\MUSIC\GREATC~1\MOZART\ZAUBER1\10.mp3
D:\MUSIC\GREATC~1\MOZART\ZAUBER1\09.mp3
D:\MUSIC\GREATC~1\MOZART\ZAUBER1\08.mp3
D:\MUSIC\GREATC~1\MOZART\ZAUBER1\07.mp3
D:\MUSIC\GREATC~1\MOZART\ZAUBER1\06.mp3
D:\MUSIC\GREATC~1\MOZART\ZAUBER1\05.mp3
D:\MUSIC\GREATC~1\MOZART\ZAUBER1\04.mp3
D:\MUSIC\GREATC~1\MOZART\ZAUBER1\03.mp3
D:\MUSIC\GREATC~1\MOZART\ZAUBER1\02.mp3
D:\MUSIC\GREATC~1\MOZART\ZAUBER1\01.mp3
D:\MUSIC\GREATC~1\MOZART\ZAUBER2\19.mp3
D:\MUSIC\GREATC~1\MOZART\ZAUBER2\18.mp3
D:\MUSIC\GREATC~1\MOZART\ZAUBER2\17.mp3
D:\MUSIC\GREATC~1\MOZART\ZAUBER2\16.mp3
D:\MUSIC\GREATC~1\MOZART\ZAUBER2\15.mp3
D:\MUSIC\GREATC~1\MOZART\ZAUBER2\14.mp3
D:\MUSIC\GREATC~1\MOZART\ZAUBER2\13.mp3
D:\MUSIC\GREATC~1\MOZART\ZAUBER2\12.mp3
D:\MUSIC\GREATC~1\MOZART\ZAUBER2\11.mp3
D:\MUSIC\GREATC~1\MOZART\ZAUBER2\10.mp3
D:\MUSIC\GREATC~1\MOZART\ZAUBER2\09.mp3
D:\MUSIC\GREATC~1\MOZART\ZAUBER2\08.mp3
D:\MUSIC\GREATC~1\MOZART\ZAUBER2\07.mp3
D:\MUSIC\GREATC~1\MOZART\ZAUBER2\06.mp3
D:\MUSIC\GREATC~1\MOZART\ZAUBER2\05.mp3
D:\MUSIC\GREATC~1\MOZART\ZAUBER2\04.mp3
D:\MUSIC\GREATC~1\MOZART\ZAUBER2\03.mp3
D:\MUSIC\GREATC~1\MOZART\ZAUBER2\02.mp3
D:\MUSIC\GREATC~1\MOZART\ZAUBER2\01.mp3
D:\MUSIC\GREATC~1\PAGANI~1\pagani~4.mp3
D:\MUSIC\GREATC~1\PAGANI~1\pagani~3.mp3
D:\MUSIC\GREATC~1\PAGANI~1\pagani~2.mp3
D:\MUSIC\GREATC~1\PAGANI~1\pagani~1.mp3
D:\MUSIC\GREATC~1\PAGANI~1\paff27~1.mp3
D:\MUSIC\GREATC~1\PAGANI~1\paf7b8~1.mp3
D:\MUSIC\GREATC~1\PAGANI~1\paf13f~1.mp3
D:\MUSIC\GREATC~1\PAGANI~1\paea9f~1.mp3
D:\MUSIC\GREATC~1\PAGANI~1\pae9ff~1.mp3
D:\MUSIC\GREATC~1\PAGANI~1\pae9cd~1.mp3
D:\MUSIC\GREATC~1\PAGANI~1\pae033~1.mp3
D:\MUSIC\GREATC~1\PAGANI~1\pac57b~1.mp3
D:\MUSIC\GREATC~1\PAGANI~1\paaa7d~1.mp3
D:\MUSIC\GREATC~1\PAGANI~1\pa9f2d~1.mp3
D:\MUSIC\GREATC~1\PAGANI~1\pa7f28~1.mp3
D:\MUSIC\GREATC~1\PAGANI~1\pa6a7d~1.mp3
D:\MUSIC\GREATC~1\PAGANI~1\pa5f78~1.mp3
D:\MUSIC\GREATC~1\PAGANI~1\pa483c~1.mp3
D:\MUSIC\GREATC~1\PAGANI~1\pa478b~1.mp3
D:\MUSIC\GREATC~1\PAGANI~1\pa465b~1.mp3
D:\MUSIC\GREATC~1\PAGANI~1\pa456b~1.mp3
D:\MUSIC\GREATC~1\PAGANI~1\pa454b~1.mp3
D:\MUSIC\GREATC~1\PAGANI~1\pa3266~1.mp3
D:\MUSIC\GREATC~1\PAGANI~1\04capr~1.mp3
D:\MUSIC\GREATC~1\PAGANI~1\03capr~1.mp3
D:\MUSIC\GREATC~1\PAGANI~1\02capr~1.mp3
D:\MUSIC\GREATC~1\PAGANI~1\01capr~1.mp3
D:\MUSIC\GREATC~1\STRAUS\straus~1.mp3
D:\MUSIC\GREATC~1\STRAUS\johann~4.mp3
D:\MUSIC\GREATC~1\STRAUS\johann~3.mp3
D:\MUSIC\GREATC~1\STRAUS\johann~2.mp3
D:\MUSIC\GREATC~1\STRAUS\johann~1.mp3
D:\MUSIC\GREATC~1\STRAUS\jo973d~1.mp3
D:\MUSIC\GREATC~1\STRAUS\jo4d44~1.mp3
D:\MUSIC\GREATC~1\VERDI\verdi-~4.mp3
D:\MUSIC\GREATC~1\VERDI\verdi-~3.mp3
D:\MUSIC\GREATC~1\VERDI\verdi-~2.mp3
D:\MUSIC\GREATC~1\VERDI\verdi-~1.mp3
D:\MUSIC\GREATC~1\VERDI\vebf08~1.mp3
D:\MUSIC\GREATC~1\VIVALDI\-4-all~1.mp3
D:\MUSIC\GREATC~1\VIVALDI\-2-tem~1.mp3
D:\MUSIC\GREATC~1\VIVALDI\-1-all~1.mp3
D:\MUSIC\GREATC~1\_457C~1\''e85e~1.mp3
D:\MUSIC\GREATC~1\wiener~1.mp3
D:\MUSIC\GREATC~1\vangel~1.mp3
D:\MUSIC\GREATC~1\richar~1.mp3
D:\MUSIC\GREATC~1\loveth~1.mp3
D:\MUSIC\GREATC~1\lapeti~1.mp3
D:\MUSIC\GREATC~1\habane~1.mp3
D:\MUSIC\GREATC~1\chimai~1.mp3
D:\MUSIC\GREATC~1\caruso.mp3
D:\MUSIC\GREATC~1\byebye~1.mp3
D:\MUSIC\GREATC~1\bach02.mp3
D:\MUSIC\GREATC~1\bach01.mp3
D:\MUSIC\GREATC~1\audiot~4.mp3
D:\MUSIC\GREATC~1\audiot~3.mp3
D:\MUSIC\GREATC~1\audiot~2.mp3
D:\MUSIC\GREATC~1\audiot~1.mp3
D:\MUSIC\GREATC~1\auadcd~1.mp3
D:\MUSIC\GREATC~1\auadcb~1.mp3
D:\MUSIC\GREATC~1\auadbd~1.mp3
D:\MUSIC\GREATC~1\aua9dd~1.mp3
D:\MUSIC\GREATC~1\aua9cd~1.mp3
D:\MUSIC\GREATC~1\aua9cb~1.mp3
D:\MUSIC\GREATC~1\aua5dd~1.mp3
D:\MUSIC\GREATC~1\aua5db~1.mp3
D:\MUSIC\GREATC~1\aua5cd~1.mp3
D:\MUSIC\GREATC~1\aua5bd~1.mp3
D:\MUSIC\GREATC~1\aua1dd~1.mp3
D:\MUSIC\GREATC~1\aua1db~1.mp3
D:\MUSIC\GREATC~1\aua1cd~1.mp3
D:\MUSIC\GREATC~1\antoni~1.mp3
D:\MUSIC\GREATC~1\24-nde~1.mp3
D:\MUSIC\GREATC~1\23-van~1.mp3
D:\MUSIC\GREATC~1\22-pau~1.mp3
D:\MUSIC\GREATC~1\21-jam~1.mp3
D:\MUSIC\GREATC~1\20-sai~1.mp3
D:\MUSIC\GREATC~1\19-rcl~1.mp3
D:\MUSIC\GREATC~1\18-ron~1.mp3
D:\MUSIC\GREATC~1\17pitc~1.mp3
D:\MUSIC\GREATC~1\17-cat~1.mp3
D:\MUSIC\GREATC~1\16lboc~1.mp3
D:\MUSIC\GREATC~1\16-rcl~1.mp3
D:\MUSIC\GREATC~1\15csai~1.mp3
D:\MUSIC\GREATC~1\15-jam~1.mp3
D:\MUSIC\GREATC~1\14wamo~1.mp3
D:\MUSIC\GREATC~1\14-nde~1.mp3
D:\MUSIC\GREATC~1\13aviv~1.mp3
D:\MUSIC\GREATC~1\13-jam~1.mp3
D:\MUSIC\GREATC~1\12mrav~1.mp3
D:\MUSIC\GREATC~1\12-eks~1.mp3
D:\MUSIC\GREATC~1\11spro~1.mp3
D:\MUSIC\GREATC~1\11-rcl~1.mp3
D:\MUSIC\GREATC~1\10lvan~1.mp3
D:\MUSIC\GREATC~1\10-fch~1.mp3
D:\MUSIC\GREATC~1\09istr~1.mp3
D:\MUSIC\GREATC~1\08jsba~1.mp3
D:\MUSIC\GREATC~1\08-mog~1.mp3
D:\MUSIC\GREATC~1\07egri~1.mp3
D:\MUSIC\GREATC~1\07-jro~1.mp3
D:\MUSIC\GREATC~1\06talb~1.mp3
D:\MUSIC\GREATC~1\06-pau~1.mp3
D:\MUSIC\GREATC~1\05akha~1.mp3
D:\MUSIC\GREATC~1\05-jam~1.mp3
D:\MUSIC\GREATC~1\04gsvi~1.mp3
D:\MUSIC\GREATC~1\04-ric~1.mp3
D:\MUSIC\GREATC~1\03gbiz~1.mp3
D:\MUSIC\GREATC~1\03-rcl~1.mp3
D:\MUSIC\GREATC~1\02jsba~1.mp3
D:\MUSIC\GREATC~1\02-nde~1.mp3
D:\MUSIC\GREATC~1\01wamo~1.mp3
D:\MUSIC\GREATC~1\01-pau~1.mp3
D:\MUSIC\CA35~1\104573~1.59\20-sum~1.mp3
D:\MUSIC\CA35~1\104573~1.59\19-bra~1.mp3
D:\MUSIC\CA35~1\104573~1.59\18-ade~1.mp3
D:\MUSIC\CA35~1\104573~1.59\17-pod~1.mp3
D:\MUSIC\CA35~1\104573~1.59\16-dvu~1.mp3
D:\MUSIC\CA35~1\104573~1.59\15-pur~1.mp3
D:\MUSIC\CA35~1\104573~1.59\14-roz~1.mp3
D:\MUSIC\CA35~1\104573~1.59\13-dvo~1.mp3
D:\MUSIC\CA35~1\104573~1.59\12-sko~1.mp3
D:\MUSIC\CA35~1\104573~1.59\11-rom~1.mp3
D:\MUSIC\CA35~1\104573~1.59\10-dom~1.mp3
D:\MUSIC\CA35~1\104573~1.59\09-mar~1.mp3
D:\MUSIC\CA35~1\104573~1.59\08-neb~1.mp3
D:\MUSIC\CA35~1\104573~1.59\07-kor~1.mp3
D:\MUSIC\CA35~1\104573~1.59\06-pau~1.mp3
D:\MUSIC\CA35~1\104573~1.59\05-zag~1.mp3
D:\MUSIC\CA35~1\104573~1.59\04-bon~1.mp3
D:\MUSIC\CA35~1\104573~1.59\03-kon~1.mp3
D:\MUSIC\CA35~1\104573~1.59\02-mne~1.mp3
D:\MUSIC\CA35~1\104573~1.59\01-kto~1.mp3
D:\MUSIC\CA35~1\1C3B~1\15-(bo~1.mp3
D:\MUSIC\CA35~1\1C3B~1\14-(bo~1.mp3
D:\MUSIC\CA35~1\1C3B~1\13-612~1.mp3
D:\MUSIC\CA35~1\1C3B~1\12-~1.mp3
D:\MUSIC\CA35~1\1C3B~1\11-~1.mp3
D:\MUSIC\CA35~1\1C3B~1\10--~1.mp3
D:\MUSIC\CA35~1\1C3B~1\09-~1.mp3
D:\MUSIC\CA35~1\1C3B~1\08-~1.mp3
D:\MUSIC\CA35~1\1C3B~1\07-~1.mp3
D:\MUSIC\CA35~1\1C3B~1\06-~1.mp3
D:\MUSIC\CA35~1\1C3B~1\05-~1.mp3
D:\MUSIC\CA35~1\1C3B~1\04-_~1.mp3
D:\MUSIC\CA35~1\1C3B~1\03-~1.mp3
D:\MUSIC\CA35~1\1C3B~1\02-~1.mp3
D:\MUSIC\CA35~1\1C3B~1\01-~1.mp3
D:\MUSIC\CA35~1\2008-~1\12-~1.mp3
D:\MUSIC\CA35~1\2008-~1\11-_~1.mp3
D:\MUSIC\CA35~1\2008-~1\10-~1.mp3
D:\MUSIC\CA35~1\2008-~1\09-~1.mp3
D:\MUSIC\CA35~1\2008-~1\08-~1.mp3
D:\MUSIC\CA35~1\2008-~1\07-~1.mp3
D:\MUSIC\CA35~1\2008-~1\06-~1.mp3
D:\MUSIC\CA35~1\2008-~1\05-~1.mp3
D:\MUSIC\CA35~1\2008-~1\04-~1.mp3
D:\MUSIC\CA35~1\2008-~1\03-~1.mp3
D:\MUSIC\CA35~1\2008-~1\02-~1.mp3
D:\MUSIC\CA35~1\2008-~1\01-~1.mp3
D:\MUSIC\CA35~1\32E6~1\1997-~1\CD1\ìíÖäÄâ.mp3
D:\MUSIC\CA35~1\32E6~1\1997-~1\CD1\ëäéêéëíú.mp3
D:\MUSIC\CA35~1\32E6~1\1997-~1\CD1\áÄÅÄÇõ.mp3
D:\MUSIC\CA35~1\32E6~1\1997-~1\CD1\ÑÖÇéóäÄ.mp3
D:\MUSIC\CA35~1\32E6~1\1997-~1\CD1\e885~1.mp3
D:\MUSIC\CA35~1\32E6~1\1997-~1\CD1\e35b~1.mp3
D:\MUSIC\CA35~1\32E6~1\1997-~1\CD1\9a50~1.mp3
D:\MUSIC\CA35~1\32E6~1\1997-~1\CD1\8162~1.mp3
D:\MUSIC\CA35~1\32E6~1\1997-~1\CD1\677a~1.mp3
D:\MUSIC\CA35~1\32E6~1\1997-~1\CD1\6742~1.mp3
D:\MUSIC\CA35~1\32E6~1\1997-~1\CD1\5dbe~1.mp3
D:\MUSIC\CA35~1\32E6~1\1997-~1\CD1\5d60~1.mp3
D:\MUSIC\CA35~1\32E6~1\1997-~1\CD1\2000~1.mp3
D:\MUSIC\CA35~1\32E6~1\1997-~1\CD1\()a02f~1.mp3
D:\MUSIC\CA35~1\32E6~1\1997-~1\CD2\ëäéêéëíú.mp3
D:\MUSIC\CA35~1\32E6~1\1997-~1\CD2\ÑÄãÖäé.mp3
D:\MUSIC\CA35~1\32E6~1\1997-~1\CD2\86e5~1.mp3
D:\MUSIC\CA35~1\32E6~1\1997-~1\CD2\4c37~1.mp3
D:\MUSIC\CA35~1\32E6~1\1997-~1\CD2\2520~1.mp3
D:\MUSIC\CA35~1\32E6~1\1997-~1\CD2\!!2aeb~1.mp3
D:\MUSIC\CA35~1\32E6~1\1997-~2\14--~1.mp3
D:\MUSIC\CA35~1\32E6~1\1997-~2\13--~1.mp3
D:\MUSIC\CA35~1\32E6~1\1997-~2\12--~1.mp3
D:\MUSIC\CA35~1\32E6~1\1997-~2\11--~1.mp3
D:\MUSIC\CA35~1\32E6~1\1997-~2\10--~1.mp3
D:\MUSIC\CA35~1\32E6~1\1997-~2\09--~1.mp3
D:\MUSIC\CA35~1\32E6~1\1997-~2\08--~1.mp3
D:\MUSIC\CA35~1\32E6~1\1997-~2\07--~1.mp3
D:\MUSIC\CA35~1\32E6~1\1997-~2\06--~1.mp3
D:\MUSIC\CA35~1\32E6~1\1997-~2\05--~1.mp3
D:\MUSIC\CA35~1\32E6~1\1997-~2\04--~1.mp3
D:\MUSIC\CA35~1\32E6~1\1997-~2\03--~1.mp3
D:\MUSIC\CA35~1\32E6~1\1997-~2\02--~1.mp3
D:\MUSIC\CA35~1\32E6~1\1997-~2\01--~1.mp3
D:\MUSIC\CA35~1\32E6~1\1998-~1\-_!~1.mp3
D:\MUSIC\CA35~1\32E6~1\1998-~1\-e7c4~1.mp3
D:\MUSIC\CA35~1\32E6~1\1998-~1\-dd55~1.mp3
D:\MUSIC\CA35~1\32E6~1\1998-~1\-cf5e~1.mp3
D:\MUSIC\CA35~1\32E6~1\1998-~1\-ced5~1.mp3
D:\MUSIC\CA35~1\32E6~1\1998-~1\-83c3~1.mp3
D:\MUSIC\CA35~1\32E6~1\1998-~1\-7c76~1.mp3
D:\MUSIC\CA35~1\32E6~1\1998-~1\-3f79~1.mp3
D:\MUSIC\CA35~1\32E6~1\1998-~1\-2185~1.mp3
D:\MUSIC\CA35~1\32E6~1\2000-~1\-e280~1.mp3
D:\MUSIC\CA35~1\32E6~1\2000-~1\-df71~1.mp3
D:\MUSIC\CA35~1\32E6~1\2000-~1\-a2a8~1.mp3
D:\MUSIC\CA35~1\32E6~1\2000-~1\-98d7~1.mp3
D:\MUSIC\CA35~1\32E6~1\2000-~1\-887f~1.mp3
D:\MUSIC\CA35~1\32E6~1\2000-~1\-5ce7~1.mp3
D:\MUSIC\CA35~1\32E6~1\2000-~1\-43f3~1.mp3
D:\MUSIC\CA35~1\32E6~1\2000-~1\-3eaa~1.mp3
D:\MUSIC\CA35~1\32E6~1\2000-~1\-2efb~1.mp3
D:\MUSIC\CA35~1\32E6~1\2002-L~1\òÄåÄåÄçõ.mp3
D:\MUSIC\CA35~1\32E6~1\2002-L~1\èéèìêêà.mp3
D:\MUSIC\CA35~1\32E6~1\2002-L~1\çÖÇÖëíÄ.mp3
D:\MUSIC\CA35~1\32E6~1\2002-L~1\e6c0~1.mp3
D:\MUSIC\CA35~1\32E6~1\2002-L~1\åÄãõò.mp3
D:\MUSIC\CA35~1\32E6~1\2002-L~1\1d19~1.mp3
D:\MUSIC\CA35~1\32E6~1\2002-L~1\àçíêé.mp3
D:\MUSIC\CA35~1\32E6~1\2002-L~1\ÜÄÅêõ.mp3
D:\MUSIC\CA35~1\32E6~1\2002-L~1\ÑÖÇéóäÄ.mp3
D:\MUSIC\CA35~1\32E6~1\2002-L~1\_f040~1.mp3
D:\MUSIC\CA35~1\32E6~1\2002-L~1\ce7c~1.mp3
D:\MUSIC\CA35~1\32E6~1\2002-L~1\9ed6~1.mp3
D:\MUSIC\CA35~1\32E6~1\2002-L~1\8813~1.mp3
D:\MUSIC\CA35~1\32E6~1\2002-L~1\4fe9~1.mp3
D:\MUSIC\CA35~1\32E6~1\2002-L~1\476b~1.mp3
D:\MUSIC\CA35~1\32E6~1\2002-L~1\34ba~1.mp3
D:\MUSIC\CA35~1\32E6~1\2002-L~1\2c37~1.mp3
D:\MUSIC\CA35~1\32E6~1\2002-L~1\23ec~1.mp3
D:\MUSIC\CA35~1\32E6~1\2002-~1\c9a2~1.mp3
D:\MUSIC\CA35~1\32E6~1\2002-~1\8981~1.mp3
D:\MUSIC\CA35~1\32E6~1\2002-~1\7191~1.mp3
D:\MUSIC\CA35~1\32E6~1\2002-~1\-6794~1.mp3
D:\MUSIC\CA35~1\32E6~1\2002-~2\ëíÖäãÄ.mp3
D:\MUSIC\CA35~1\32E6~1\2002-~2\2870ae~1.mp3
D:\MUSIC\CA35~1\32E6~1\2002-~2\éÅÖôÄçàü.mp3
D:\MUSIC\CA35~1\32E6~1\2002-~2\d845~1.mp3
D:\MUSIC\CA35~1\32E6~1\2002-~2\ÉãìÅÜÖ.mp3
D:\MUSIC\CA35~1\32E6~1\2002-~2\2608~1.mp3
D:\MUSIC\CA35~1\32E6~1\2002-~2\_!4f79~1.mp3
D:\MUSIC\CA35~1\32E6~1\2002-~2\e961~1.mp3
D:\MUSIC\CA35~1\32E6~1\2002-~2\8989~1.mp3
D:\MUSIC\CA35~1\32E6~1\2002-~2\6f8e~1.mp3
D:\MUSIC\CA35~1\32E6~1\2002-~2\17f5~1.mp3
D:\MUSIC\CA35~1\32E6~1\2004-~1\11-zdr~1.mp3
D:\MUSIC\CA35~1\32E6~1\2004-~1\10-nep~1.mp3
D:\MUSIC\CA35~1\32E6~1\2004-~1\09-iris.mp3
D:\MUSIC\CA35~1\32E6~1\2004-~1\08-yan~1.mp3
D:\MUSIC\CA35~1\32E6~1\2004-~1\07-tak~1.mp3
D:\MUSIC\CA35~1\32E6~1\2004-~1\06-pri~1.mp3
D:\MUSIC\CA35~1\32E6~1\2004-~1\05-kor~1.mp3
D:\MUSIC\CA35~1\32E6~1\2004-~1\04-str~1.mp3
D:\MUSIC\CA35~1\32E6~1\2004-~1\03-his~1.mp3
D:\MUSIC\CA35~1\32E6~1\2004-~1\02-ban~1.mp3
D:\MUSIC\CA35~1\32E6~1\2004-~1\01-pro~1.mp3
D:\MUSIC\CA35~1\32E6~1\2004-~2\-rocks~2.mp3
D:\MUSIC\CA35~1\32E6~1\2004-~2\-rocks~1.mp3
D:\MUSIC\CA35~1\32E6~1\2004-~2\-funky~1.mp3
D:\MUSIC\CA35~1\32E6~1\2004-~2\-fc9d~1.mp3
D:\MUSIC\CA35~1\32E6~1\2004-~2\-d6c0~1.mp3
D:\MUSIC\CA35~1\32E6~1\2004-~2\-c9fe~1.mp3
D:\MUSIC\CA35~1\32E6~1\2004-~2\-a27e~1.mp3
D:\MUSIC\CA35~1\32E6~1\2004-~2\-9670~1.mp3
D:\MUSIC\CA35~1\32E6~1\2004-~2\-4292~1.mp3
D:\MUSIC\CA35~1\32E6~1\2004-~2\--(bes~1.mp3
D:\MUSIC\CA35~1\32E6~1\2004-~2\-(with~1.mp3
D:\MUSIC\CA35~1\32E6~1\2004-~2\-(andr~1.mp3
D:\MUSIC\CA35~1\32E6~1\2004-~2\-(2)~1.mp3
D:\MUSIC\CA35~1\32E6~1\2004-~2\-(2)ar~1.mp3
D:\MUSIC\CA35~1\32E6~1\2004-~2\-(1)~1.mp3
D:\MUSIC\CA35~1\32E6~1\2004-~3\çÖìÜÖãà.mp3
D:\MUSIC\CA35~1\32E6~1\2004-~3\ãìóà.mp3
D:\MUSIC\CA35~1\32E6~1\2004-~3\__c29f~1.mp3
D:\MUSIC\CA35~1\32E6~1\2004-~3\d36a~1.mp3
D:\MUSIC\CA35~1\32E6~1\2004-~3\643d~1.mp3
D:\MUSIC\CA35~1\32E6~1\2004-~3\(kusak~1.mp3
D:\MUSIC\CA35~1\32E6~1\2004-~3\(city'~1.mp3
D:\MUSIC\CA35~1\32E6~1\2004-~3\()aa24~1.mp3
D:\MUSIC\CA35~1\32E6~1\2007-~1\trackn~4.mp3
D:\MUSIC\CA35~1\32E6~1\2007-~1\trackn~3.mp3
D:\MUSIC\CA35~1\32E6~1\2007-~1\trackn~2.mp3
D:\MUSIC\CA35~1\32E6~1\2007-~1\trackn~1.mp3
D:\MUSIC\CA35~1\32E6~1\2007-~1\tr458e~1.mp3
D:\MUSIC\CA35~1\32E6~1\2007-~1\tr458a~1.mp3
D:\MUSIC\CA35~1\32E6~1\2007-~1\tr4582~1.mp3
D:\MUSIC\CA35~1\32E6~1\2007-~1\tr3586~1.mp3
D:\MUSIC\CA35~1\32E6~1\2007-~1\tr3582~1.mp3
D:\MUSIC\CA35~1\32E6~1\2007-~1\tr298e~1.mp3
D:\MUSIC\CA35~1\A-HA\2000-M~1.MAJ\youwil~1.mp3
D:\MUSIC\CA35~1\A-HA\2000-M~1.MAJ\tolety~1.mp3
D:\MUSIC\CA35~1\A-HA\2000-M~1.MAJ\though~1.mp3
D:\MUSIC\CA35~1\A-HA\2000-M~1.MAJ\thesun~1.mp3
D:\MUSIC\CA35~1\A-HA\2000-M~1.MAJ\thecom~1.mp3
D:\MUSIC\CA35~1\A-HA\2000-M~1.MAJ\summer~1.mp3
D:\MUSIC\CA35~1\A-HA\2000-M~1.MAJ\minore~1.mp3
D:\MUSIC\CA35~1\A-HA\2000-M~1.MAJ\maryel~1.mp3
D:\MUSIC\CA35~1\A-HA\2000-M~1.MAJ\little~1.mp3
D:\MUSIC\CA35~1\A-HA\2000-M~1.MAJ\iwon't~1.mp3
D:\MUSIC\CA35~1\A-HA\2000-M~1.MAJ\iwishi~1.mp3
D:\MUSIC\CA35~1\A-HA\2000-M~1.MAJ\barely~1.mp3
D:\MUSIC\CA35~1\AVRILL~1\2002-C~1\avrill~3.mp3
D:\MUSIC\CA35~1\AVRILL~1\2002-C~1\avrill~2.mp3
D:\MUSIC\CA35~1\AVRILL~1\2002-C~1\avrill~1.mp3
D:\MUSIC\CA35~1\AVRILL~1\2002-L~1\avrill~3.mp3
D:\MUSIC\CA35~1\AVRILL~1\2002-L~1\avrill~2.mp3
D:\MUSIC\CA35~1\AVRILL~1\2002-L~1\avrill~1.mp3
D:\MUSIC\CA35~1\AVRILL~1\2002-L~2\14comp~1.mp3
D:\MUSIC\CA35~1\AVRILL~1\2002-L~2\13nake~1.mp3
D:\MUSIC\CA35~1\AVRILL~1\2002-L~2\12toom~1.mp3
D:\MUSIC\CA35~1\AVRILL~1\2002-L~2\11nobo~1.mp3
D:\MUSIC\CA35~1\AVRILL~1\2002-L~2\10mywo~1.mp3
D:\MUSIC\CA35~1\AVRILL~1\2002-L~2\09thin~1.mp3
D:\MUSIC\CA35~1\AVRILL~1\2002-L~2\08anyt~1.mp3
D:\MUSIC\CA35~1\AVRILL~1\2002-L~2\07tomo~1.mp3
D:\MUSIC\CA35~1\AVRILL~1\2002-L~2\06unwa~1.mp3
D:\MUSIC\CA35~1\AVRILL~1\2002-L~2\05mobi~1.mp3
D:\MUSIC\CA35~1\AVRILL~1\2002-L~2\04i`mw~1.mp3
D:\MUSIC\CA35~1\AVRILL~1\2002-L~2\03sk8e~1.mp3
D:\MUSIC\CA35~1\AVRILL~1\2002-L~2\02comp~1.mp3
D:\MUSIC\CA35~1\AVRILL~1\2002-L~2\01losi~1.mp3
D:\MUSIC\CA35~1\AVRILL~1\2003-M~1\avrill~4.mp3
D:\MUSIC\CA35~1\AVRILL~1\2003-M~1\avrill~3.mp3
D:\MUSIC\CA35~1\AVRILL~1\2003-M~1\avrill~2.mp3
D:\MUSIC\CA35~1\AVRILL~1\2003-M~1\avrill~1.mp3
D:\MUSIC\CA35~1\AVRILL~1\2003-M~1\av8196~1.mp3
D:\MUSIC\CA35~1\AVRILL~1\2003-M~1\av7d2d~1.mp3
D:\MUSIC\CA35~1\AVRILL~1\2003-M~2\16knoc~1.mp3
D:\MUSIC\CA35~1\AVRILL~1\2003-M~2\09bask~1.mp3
D:\MUSIC\CA35~1\AVRILL~1\2003-M~2\08idon~1.mp3
D:\MUSIC\CA35~1\AVRILL~1\2003-S~1\18kiss~1.mp3
D:\MUSIC\CA35~1\AVRILL~1\2003-S~1\17comp~1.mp3
D:\MUSIC\CA35~1\AVRILL~1\2003-S~1\16tomo~1.mp3
D:\MUSIC\CA35~1\AVRILL~1\2003-S~1\15mobi~1.mp3
D:\MUSIC\CA35~1\AVRILL~1\2003-S~1\14nobo~1.mp3
D:\MUSIC\CA35~1\AVRILL~1\2003-S~1\13why(~1.mp3
D:\MUSIC\CA35~1\AVRILL~1\2003-S~1\12geti~1.mp3
D:\MUSIC\CA35~1\AVRILL~1\2003-S~1\11idon~1.mp3
D:\MUSIC\CA35~1\AVRILL~1\2003-S~1\10fall~1.mp3
D:\MUSIC\CA35~1\AVRILL~1\2004-D~1\avrill~3.mp3
D:\MUSIC\CA35~1\AVRILL~1\2004-D~1\avrill~2.mp3
D:\MUSIC\CA35~1\AVRILL~1\2004-D~1\avrill~1.mp3
D:\MUSIC\CA35~1\AVRILL~1\2004-L~1\avrill~4.mp3
D:\MUSIC\CA35~1\AVRILL~1\2004-L~1\avrill~3.mp3
D:\MUSIC\CA35~1\AVRILL~1\2004-L~1\avrill~2.mp3
D:\MUSIC\CA35~1\AVRILL~1\2004-L~1\avrill~1.mp3
D:\MUSIC\CA35~1\AVRILL~1\2004-L~1\avf777~1.mp3
D:\MUSIC\CA35~1\AVRILL~1\2004-L~1\ave36e~1.mp3
D:\MUSIC\CA35~1\AVRILL~1\2004-L~1\avdee6~1.mp3
D:\MUSIC\CA35~1\AVRILL~1\2004-L~1\av6f79~1.mp3
D:\MUSIC\CA35~1\AVRILL~1\2004-L~1\av6d77~1.mp3
D:\MUSIC\CA35~1\AVRILL~1\2004-L~1\av5b90~1.mp3
D:\MUSIC\CA35~1\AVRILL~1\2004-L~2\avrill~4.mp3
D:\MUSIC\CA35~1\AVRILL~1\2004-L~2\avrill~3.mp3
D:\MUSIC\CA35~1\AVRILL~1\2004-L~2\avrill~2.mp3
D:\MUSIC\CA35~1\AVRILL~1\2004-L~2\avrill~1.mp3
D:\MUSIC\CA35~1\AVRILL~1\2004-L~2\avc33b~1.mp3
D:\MUSIC\CA35~1\AVRILL~1\2004-L~2\av4234~1.mp3
D:\MUSIC\CA35~1\AVRILL~1\2004-U~1\avril_~4.mp3
D:\MUSIC\CA35~1\AVRILL~1\2004-U~1\avril_~3.mp3
D:\MUSIC\CA35~1\AVRILL~1\2004-U~1\avril_~2.mp3
D:\MUSIC\CA35~1\AVRILL~1\2004-U~1\avril_~1.mp3
D:\MUSIC\CA35~1\AVRILL~1\2004-U~1\avfefb~1.mp3
D:\MUSIC\CA35~1\AVRILL~1\2004-U~1\aveb98~1.mp3
D:\MUSIC\CA35~1\AVRILL~1\2004-U~1\avce0d~1.mp3
D:\MUSIC\CA35~1\AVRILL~1\2004-U~1\avc20c~1.mp3
D:\MUSIC\CA35~1\AVRILL~1\2004-U~1\av5231~1.mp3
D:\MUSIC\CA35~1\AVRILL~1\2004-U~1\av4582~1.mp3
D:\MUSIC\CA35~1\AVRILL~1\2004-U~1\av1f2b~1.mp3
D:\MUSIC\CA35~1\AVRILL~1\2004-U~1\av148f~1.mp3
D:\MUSIC\CA35~1\AVRILL~1\2005-H~1\03-avr~1.mp3
D:\MUSIC\CA35~1\AVRILL~1\2005-H~1\02-avr~1.mp3
D:\MUSIC\CA35~1\AVRILL~1\2005-H~1\01-avr~1.mp3
D:\MUSIC\CA35~1\AVRILL~1\2007-G~1\01-avr~1.mp3
D:\MUSIC\CA35~1\AVRILL~1\2007-T~1\12-avr~1.mp3
D:\MUSIC\CA35~1\AVRILL~1\2007-T~1\11-avr~1.mp3
D:\MUSIC\CA35~1\AVRILL~1\2007-T~1\10-avr~1.mp3
D:\MUSIC\CA35~1\AVRILL~1\2007-T~1\09-avr~1.mp3
D:\MUSIC\CA35~1\AVRILL~1\2007-T~1\08-avr~1.mp3
D:\MUSIC\CA35~1\AVRILL~1\2007-T~1\07-avr~1.mp3
D:\MUSIC\CA35~1\AVRILL~1\2007-T~1\06-avr~1.mp3
D:\MUSIC\CA35~1\AVRILL~1\2007-T~1\05-avr~1.mp3
D:\MUSIC\CA35~1\AVRILL~1\2007-T~1\04-avr~1.mp3
D:\MUSIC\CA35~1\AVRILL~1\2007-T~1\03-avr~1.mp3
D:\MUSIC\CA35~1\AVRILL~1\2007-T~1\02-avr~1.mp3
D:\MUSIC\CA35~1\AVRILL~1\2007-T~1\01-avr~1.mp3
D:\MUSIC\CA35~1\AVRILL~1\AVRILL~1\avrill~4.mp3
D:\MUSIC\CA35~1\AVRILL~1\AVRILL~1\avrill~3.mp3
D:\MUSIC\CA35~1\AVRILL~1\AVRILL~1\avrill~2.mp3
D:\MUSIC\CA35~1\AVRILL~1\AVRILL~1\avrill~1.mp3
D:\MUSIC\CA35~1\AVRILL~1\AVRILL~1\avf7d0~1.mp3
D:\MUSIC\CA35~1\AVRILL~1\AVRILL~1\avc52a~1.mp3
D:\MUSIC\CA35~1\AVRILL~1\AVRILL~1\avc01a~1.mp3
D:\MUSIC\CA35~1\AVRILL~1\AVRILL~1\av8ab0~1.mp3
D:\MUSIC\CA35~1\AVRILL~1\AVRILL~1\av53c2~1.mp3
D:\MUSIC\CA35~1\AVRILL~1\AVRILL~1\av2b8a~1.mp3
D:\MUSIC\CA35~1\AVRILL~1\BONUS\avrill~4.mp3
D:\MUSIC\CA35~1\AVRILL~1\BONUS\avrill~3.mp3
D:\MUSIC\CA35~1\AVRILL~1\BONUS\avrill~2.mp3
D:\MUSIC\CA35~1\AVRILL~1\BONUS\avrill~1.mp3
D:\MUSIC\CA35~1\AVRILL~1\BONUS\ave5c8~1.mp3
D:\MUSIC\CA35~1\AVRILL~1\BONUS\avc457~1.mp3
D:\MUSIC\CA35~1\AVRILL~1\BONUS\avb4f7~1.mp3
D:\MUSIC\CA35~1\AVRILL~1\BONUS\avb4a0~1.mp3
D:\MUSIC\CA35~1\AVRILL~1\BONUS\avadbb~1.mp3
D:\MUSIC\CA35~1\AVRILL~1\BONUS\ava638~1.mp3
D:\MUSIC\CA35~1\AVRILL~1\BONUS\ava2ea~1.mp3
D:\MUSIC\CA35~1\AVRILL~1\BONUS\av9685~1.mp3
D:\MUSIC\CA35~1\AVRILL~1\BONUS\av8e55~1.mp3
D:\MUSIC\CA35~1\AVRILL~1\BONUS\av5893~1.mp3
D:\MUSIC\CA35~1\AVRILL~1\BONUS\av57a6~1.mp3
D:\MUSIC\CA35~1\AVRILL~1\BONUS\av30b2~1.mp3
D:\MUSIC\CA35~1\MYLENE~1\ANAMOR~1\xxl.mp3
D:\MUSIC\CA35~1\MYLENE~1\ANAMOR~1\vertige.mp3
D:\MUSIC\CA35~1\MYLENE~1\ANAMOR~1\tomber~1.mp3
D:\MUSIC\CA35~1\MYLENE~1\ANAMOR~1\rever.mp3
D:\MUSIC\CA35~1\MYLENE~1\ANAMOR~1\mylene~1.mp3
D:\MUSIC\CA35~1\MYLENE~1\ANAMOR~1\laisse~1.mp3
D:\MUSIC\CA35~1\MYLENE~1\ANAMOR~1\l'inst~1.mp3
D:\MUSIC\CA35~1\MYLENE~1\ANAMOR~1\ettour~1.mp3
D:\MUSIC\CA35~1\MYLENE~1\ANAMOR~1\eaunan~1.mp3
D:\MUSIC\CA35~1\MYLENE~1\ANAMOR~1\commej~1.mp3
D:\MUSIC\CA35~1\MYLENE~1\ANAMOR~1\califo~1.mp3
D:\MUSIC\CA35~1\MYLENE~1\ANAMOR~1\alice.mp3
D:\MUSIC\CA35~1\MYLENE~1\INNAMO~1\souvie~1.mp3
D:\MUSIC\CA35~1\MYLENE~1\INNAMO~1\serais~1.mp3
D:\MUSIC\CA35~1\MYLENE~1\INNAMO~1\paslet~1.mp3
D:\MUSIC\CA35~1\MYLENE~1\INNAMO~1\optimi~1.mp3
D:\MUSIC\CA35~1\MYLENE~1\INNAMO~1\mylenium.mp3
D:\MUSIC\CA35~1\MYLENE~1\INNAMO~1\mylene~2.mp3
D:\MUSIC\CA35~1\MYLENE~1\INNAMO~1\mylene~1.mp3
D:\MUSIC\CA35~1\MYLENE~1\INNAMO~1\mefie-~1.mp3
D:\MUSIC\CA35~1\MYLENE~1\INNAMO~1\l'amou~1.mp3
D:\MUSIC\CA35~1\MYLENE~1\INNAMO~1\l'ame-~1.mp3
D:\MUSIC\CA35~1\MYLENE~1\INNAMO~1\jetere~1.mp3
D:\MUSIC\CA35~1\MYLENE~1\INNAMO~1\etsivi~1.mp3
D:\MUSIC\CA35~1\MYLENE~1\INNAMO~1\dessin~1.mp3
D:\MUSIC\CA35~1\MYLENE~1\unbout~1.mp3
D:\MUSIC\CA35~1\MYLENE~1\mylene~4.mp3
D:\MUSIC\CA35~1\MYLENE~1\mylene~3.mp3
D:\MUSIC\CA35~1\MYLENE~1\mylene~2.mp3
D:\MUSIC\CA35~1\MYLENE~1\mylene~1.mp3
D:\MUSIC\CA35~1\MYLENE~1\myf3c9~1.mp3
D:\MUSIC\CA35~1\MYLENE~1\myba99~1.mp3
D:\MUSIC\CA35~1\MYLENE~1\myb435~1.mp3
D:\MUSIC\CA35~1\MYLENE~1\myaacb~1.mp3
D:\MUSIC\CA35~1\MYLENE~1\mya7f6~1.mp3
D:\MUSIC\CA35~1\MYLENE~1\my74ed~1.mp3
D:\MUSIC\CA35~1\MYLENE~1\my54c2~1.mp3
D:\MUSIC\CA35~1\MYLENE~1\my4430~1.mp3
D:\MUSIC\CA35~1\MYLENE~1\my2b26~1.mp3
D:\MUSIC\CA35~1\MYLENE~1\my2242~1.mp3
D:\MUSIC\CA35~1\MYLENE~1\my0ff7~1.mp3
D:\MUSIC\CA35~1\MYLENE~1\my0fb7~1.mp3
D:\MUSIC\CA35~1\MYLENE~1\my09fd~1.mp3
D:\MUSIC\CA35~1\MÄêÄ\220V~1\10-220~1.mp3
D:\MUSIC\CA35~1\MÄêÄ\220V~1\09-chu~1.mp3
D:\MUSIC\CA35~1\MÄêÄ\220V~1\08-nov~1.mp3
D:\MUSIC\CA35~1\MÄêÄ\220V~1\07-kam~1.mp3
D:\MUSIC\CA35~1\MÄêÄ\220V~1\06-pop~1.mp3
D:\MUSIC\CA35~1\MÄêÄ\220V~1\05-chy~1.mp3
D:\MUSIC\CA35~1\MÄêÄ\220V~1\04-tru~1.mp3
D:\MUSIC\CA35~1\MÄêÄ\220V~1\03-nev~1.mp3
D:\MUSIC\CA35~1\MÄêÄ\220V~1\02-ne_~1.mp3
D:\MUSIC\CA35~1\MÄêÄ\220V~1\01-ang~1.mp3
D:\MUSIC\CA35~1\MÄêÄ\6B45~1\mara_-~4.mp3
D:\MUSIC\CA35~1\MÄêÄ\6B45~1\mara_-~3.mp3
D:\MUSIC\CA35~1\MÄêÄ\6B45~1\mara_-~2.mp3
D:\MUSIC\CA35~1\MÄêÄ\6B45~1\mara_-~1.mp3
D:\MUSIC\CA35~1\MÄêÄ\6B45~1\01_~1.mp3
D:\MUSIC\CA35~1\MÄêÄ\6B45~1\-11-~1.mp3
D:\MUSIC\CA35~1\MÄêÄ\6B45~1\-09-~1.mp3
D:\MUSIC\CA35~1\MÄêÄ\6B45~1\-08-~1.mp3
D:\MUSIC\CA35~1\MÄêÄ\6B45~1\-07-~1.mp3
D:\MUSIC\CA35~1\MÄêÄ\6B45~1\-05-~1.mp3
D:\MUSIC\CA35~1\MÄêÄ\6B45~1\-04-~1.mp3
D:\MUSIC\CA35~1\SAX\candyd~1.mp3
D:\MUSIC\CA35~1\SAX\16_sih~1.mp3
D:\MUSIC\CA35~1\SAX\15_angie.mp3
D:\MUSIC\CA35~1\SAX\14_pip~1.mp3
D:\MUSIC\CA35~1\SAX\13_car~1.mp3
D:\MUSIC\CA35~1\SAX\12_sie~1.mp3
D:\MUSIC\CA35~1\SAX\11_goi~1.mp3
D:\MUSIC\CA35~1\SAX\10_sam~1.mp3
D:\MUSIC\CA35~1\SAX\09_hom~1.mp3
D:\MUSIC\CA35~1\SAX\08_a_n~1.mp3
D:\MUSIC\CA35~1\SAX\07_girl.mp3
D:\MUSIC\CA35~1\SAX\06_i'm~1.mp3
D:\MUSIC\CA35~1\SAX\05_joh~1.mp3
D:\MUSIC\CA35~1\SAX\04_bab~1.mp3
D:\MUSIC\CA35~1\SAX\03_goo~1.mp3
D:\MUSIC\CA35~1\SAX\02_let~1.mp3
D:\MUSIC\CA35~1\SAX\01_lil~1.mp3
D:\MUSIC\CA35~1\TARANT~1\zed'sd~1.mp3
D:\MUSIC\CA35~1\TARANT~1\younev~1.mp3
D:\MUSIC\CA35~1\TARANT~1\thetre~1.mp3
D:\MUSIC\CA35~1\TARANT~1\thefut~1.mp3
D:\MUSIC\CA35~1\TARANT~1\sixbla~1.mp3
D:\MUSIC\CA35~1\TARANT~1\pumpki~1.mp3
D:\MUSIC\CA35~1\TARANT~1\montec~1.mp3
D:\MUSIC\CA35~1\TARANT~1\little~1.mp3
D:\MUSIC\CA35~1\TARANT~1\girl_y~1.mp3
D:\MUSIC\CA35~1\TARANT~1\flower~1.mp3
D:\MUSIC\CA35~1\TARANT~1\eltali~1.mp3
D:\MUSIC\CA35~1\TARANT~1\cumbad~1.mp3
D:\MUSIC\CA35~1\TARANT~1\concio~1.mp3
D:\MUSIC\CA35~1\TARANT~1\chet's~1.mp3
D:\MUSIC\CA35~1\TARANT~1\blackb~1.mp3
D:\MUSIC\CA35~1\TARANT~1\backto~1.mp3
D:\MUSIC\CA35~1\TARANT~1\afterd~1.mp3
D:\MUSIC\CA35~1\-20b8~1.mp3
D:\MUSIC\CA35~1\-(''_2~1.mp3
D:\MUSIC\66D6~1\04B60E~1\-__~1.mp3
D:\MUSIC\66D6~1\04B60E~1\-_573d~1.mp3
D:\MUSIC\66D6~1\04B60E~1\-i4fcb~1.mp3
D:\MUSIC\66D6~1\04B60E~1\-fbf9~1.mp3
D:\MUSIC\66D6~1\04B60E~1\-eab1~1.mp3
D:\MUSIC\66D6~1\04B60E~1\-e2ac~1.mp3
D:\MUSIC\66D6~1\04B60E~1\-d1fa~1.mp3
D:\MUSIC\66D6~1\04B60E~1\-ac64~1.mp3
D:\MUSIC\66D6~1\04B60E~1\-a449~1.mp3
D:\MUSIC\66D6~1\04B60E~1\-88a5~1.mp3
D:\MUSIC\66D6~1\04B60E~1\-5e2d~1.mp3
D:\MUSIC\66D6~1\04B60E~1\-46d5~1.mp3
D:\MUSIC\66D6~1\04B60E~1\-3602~1.mp3
D:\MUSIC\66D6~1\04B60E~1\-100~1.mp3
D:\MUSIC\66D6~1\04B60E~1\-(suho~1.mp3
D:\MUSIC\66D6~1\04B60E~1\-(alex~2.mp3
D:\MUSIC\66D6~1\04B60E~1\-(alex~1.mp3
D:\MUSIC\66D6~1\04B60E~1\-(2spe~1.mp3
D:\MUSIC\66D6~1\i-trai~1.mp3
D:\MUSIC\66D6~1\i-lv~1.mp3
D:\MUSIC\66D6~1\i-i~2.mp3
D:\MUSIC\66D6~1\i-i~1.mp3
D:\MUSIC\66D6~1\i-i-~1.mp3
D:\MUSIC\66D6~1\i-f13a~1.mp3
D:\MUSIC\66D6~1\i-educ~1.mp3
D:\MUSIC\66D6~1\i-ebe2~1.mp3
D:\MUSIC\66D6~1\i-dab2~1.mp3
D:\MUSIC\66D6~1\i-d7bd~1.mp3
D:\MUSIC\66D6~1\i-d3fe~1.mp3
D:\MUSIC\66D6~1\i-cc1a~1.mp3
D:\MUSIC\66D6~1\i-c50d~1.mp3
D:\MUSIC\66D6~1\i-a487~1.mp3
D:\MUSIC\66D6~1\i-9fd7~1.mp3
D:\MUSIC\66D6~1\i-9e73~1.mp3
D:\MUSIC\66D6~1\i-9a2b~1.mp3
D:\MUSIC\66D6~1\i-98d5~1.mp3
D:\MUSIC\66D6~1\i-8f40~1.mp3
D:\MUSIC\66D6~1\i-86f3~1.mp3
D:\MUSIC\66D6~1\i-62b9~1.mp3
D:\MUSIC\66D6~1\i-5cf2~1.mp3
D:\MUSIC\66D6~1\i-5866~1.mp3
D:\MUSIC\66D6~1\i-5782~1.mp3
D:\MUSIC\66D6~1\i-4e06~1.mp3
D:\MUSIC\66D6~1\i-441f~1.mp3
D:\MUSIC\66D6~1\i-428d~1.mp3
D:\MUSIC\66D6~1\i-3c3c~1.mp3
D:\MUSIC\66D6~1\i-37f5~1.mp3
D:\MUSIC\66D6~1\i-29ac~1.mp3
D:\MUSIC\66D6~1\i-0edc~1.mp3
D:\MUSIC\66D6~1\i-0ca9~1.mp3
D:\MUSIC\66D6~1\i--~1.mp3
D:\MUSIC\66D6~1\i-()~3.mp3
D:\MUSIC\66D6~1\i-()~2.mp3
D:\MUSIC\66D6~1\i-()~1.mp3
D:\MUSIC\66D6~1\i-'~2.mp3
D:\MUSIC\66D6~1\i-'~1.mp3
D:\MUSIC\66D6~1\-_773e~1.mp3
D:\MUSIC\01-aud~1.mp3
D:\NEWFOL~1\sting-~1.mp3
D:\TEMP\0015~1\1111\s-166d~1.mp3
D:\TEMP\0015~1\1111\052max~1.mp3
D:\TEMP\0015~1\patric~2.mp3
D:\TEMP\0015~1\patric~1.mp3
D:\TEMP\0015~1\morand~1.mp3
D:\TEMP\0015~1\metall~1.mp3
D:\TEMP\0015~1\mara_-~3.mp3
D:\TEMP\0015~1\mara_-~2.mp3
D:\TEMP\0015~1\mara_-~1.mp3
D:\TEMP\0015~1\craig_~2.mp3
D:\TEMP\0015~1\craig_~1.mp3
D:\TEMP\skay_-~1.mp3
D:\TEMP\celine~1.mp3
Quantity of the founded file-1251
The name of the directory -"D:"
The name of the searching file -"*.MP3"
