C:\windows\…‹œ#2.bmp
C:\windows\nolimits.bmp
C:\windows\€~1.bmp
C:\windows\…‹œ.bmp
C:\windows\‘ˆ“‘~1.bmp
C:\windows\big-ta~1.bmp
C:\windows\big-fish.bmp
C:\windows\bricks.bmp
C:\windows\rug.bmp
C:\windows\€†„€Š.bmp
C:\windows\—…˜“Ÿ.bmp
C:\windows\‹€Š€.bmp
C:\windows\Š€‘›~1.bmp
C:\windows\‡€Š‹…Šˆ.bmp
C:\windows\’…“ƒ~1.bmp
C:\windows\Š‹›Šˆ.bmp
C:\windows\€Œ…’.bmp
C:\windows\“‡›œŠˆ.bmp
C:\windows\–ˆ‚Š€.bmp
C:\windows\“‘’€~1.bmp
C:\windows\€Š…’.bmp
C:\windows\‹ˆ’Š€.bmp
C:\windows\‹‘Šˆ.bmp
C:\windows\‚‹›.bmp
C:\windows\Š‹…—Šˆ.bmp
C:\windows\‘’…†Šˆ.bmp
C:\windows\Š‹œ—“ƒ€.bmp
C:\windows\‹…‘.bmp
Quantity of the founded file-28
The name of the directory -"C:\windows"
The name of the searching file -"*.BMP"
